<?xml version="1.0" encoding="UTF-8"?>
<!-- Generated by org.testng.reporters.JUnitXMLReporter -->
<testsuite ignored="1" hostname="lin80034545" failures="0" tests="1" name="Submit Order Test" time="14.959" errors="0" timestamp="2023-11-24T08:26:25 IST">
  <testcase classname="Framework.tests.SubmitOrderTest" name="submitorder" time="8.414"/>
  <testcase classname="Framework.tests.SubmitOrderTest" name="OrderHistoryTest" time="0.0">
    <ignored/>
  </testcase> <!-- OrderHistoryTest -->
</testsuite> <!-- Submit Order Test -->
